Solution_App_Part1/App/app/build/intermediates/manifest_merge_blame_file/debug/manifest-merger-blame-debug-report.txt
1<?xml version="1.0" encoding="utf-8"?>
2<manifest xmlns:android="http://schemas.android.com/apk/res/android"
3    package="com.example.smarthomegesturecontrol"
4    android:versionCode="1"
5    android:versionName="1.0" >
6
7    <uses-sdk
8        android:minSdkVersion="21"
8-->src\main\AndroidManifest.xml
9        android:targetSdkVersion="30" />
9-->src\main\AndroidManifest.xml
10
11    <uses-feature
11-->src\main\AndroidManifest.xml:6:5-90
12        android:name="android.hardware.camera.front"
12-->src\main\AndroidManifest.xml:6:19-63
13        android:required="true" />
13-->src\main\AndroidManifest.xml:6:64-87
14
15    <uses-permission android:name="android.permission.WRITE_EXTERNAL_STORAGE" />
15-->src\main\AndroidManifest.xml:7:5-81
15-->src\main\AndroidManifest.xml:7:22-78
16    <uses-permission android:name="android.permission.READ_EXTERNAL_STORAGE" />
16-->src\main\AndroidManifest.xml:8:5-80
16-->src\main\AndroidManifest.xml:8:22-77
17    <uses-permission android:name="ACCESS_FIND_LOCATION" />
17-->src\main\AndroidManifest.xml:9:5-60
17-->src\main\AndroidManifest.xml:9:22-57
18    <uses-permission android:name="ACCESS_COURSE_LOCATION" />
18-->src\main\AndroidManifest.xml:10:5-62
18-->src\main\AndroidManifest.xml:10:22-59
19    <uses-permission android:name="android.permission.RECORD_AUDIO" />
19-->src\main\AndroidManifest.xml:11:5-71
19-->src\main\AndroidManifest.xml:11:22-68
20    <uses-permission android:name="android.hardware.camera2" />
20-->src\main\AndroidManifest.xml:12:5-63
20-->src\main\AndroidManifest.xml:12:22-61
21    <uses-permission android:name="android.permission.CAMERA" />
21-->src\main\AndroidManifest.xml:13:5-65
21-->src\main\AndroidManifest.xml:13:22-62
22    <!-- <uses-feature android:name="android.hardware.camera.front" /> -->
23    <uses-permission android:name="android.permission.INTERNET" />
23-->src\main\AndroidManifest.xml:15:5-67
23-->src\main\AndroidManifest.xml:15:22-64
24
25    <uses-feature
25-->src\main\AndroidManifest.xml:6:5-90
26        android:name="android.hardware.camera.front"
26-->src\main\AndroidManifest.xml:6:19-63
27        android:required="true" />
27-->src\main\AndroidManifest.xml:6:64-87
28
29    <application
29-->src\main\AndroidManifest.xml:19:5-49:19
30        android:allowBackup="true"
30-->src\main\AndroidManifest.xml:20:9-35
31        android:appComponentFactory="androidx.core.app.CoreComponentFactory"
31-->[androidx.core:core:1.3.1] AndroidManifest.xml:24:18-86
32        android:debuggable="true"
33        android:icon="@mipmap/ic_launcher"
33-->src\main\AndroidManifest.xml:21:9-43
34        android:label="@string/app_name"
34-->src\main\AndroidManifest.xml:22:9-41
35        android:roundIcon="@mipmap/ic_launcher_round"
35-->src\main\AndroidManifest.xml:23:9-54
36        android:supportsRtl="true"
36-->src\main\AndroidManifest.xml:24:9-35
37        android:testOnly="true"
38        android:theme="@style/Theme.SmartHomeGestureControl"
38-->src\main\AndroidManifest.xml:26:9-61
39        android:usesCleartextTraffic="true" >
39-->src\main\AndroidManifest.xml:25:9-44
40        <activity
40-->src\main\AndroidManifest.xml:27:9-28:61
41            android:name="com.example.smarthomegesturecontrol.Practice_Record_Activity"
41-->src\main\AndroidManifest.xml:27:19-59
42            android:screenOrientation="portrait" />
42-->src\main\AndroidManifest.xml:28:13-49
43        <activity android:name="com.example.smarthomegesturecontrol.Play_Demo_Activity" />
43-->src\main\AndroidManifest.xml:29:9-56
43-->src\main\AndroidManifest.xml:29:19-53
44        <activity android:name="com.example.smarthomegesturecontrol.MainActivity" >
44-->src\main\AndroidManifest.xml:30:9-38:20
44-->src\main\AndroidManifest.xml:30:19-47
45            <intent-filter>
45-->src\main\AndroidManifest.xml:34:13-37:29
46                <action android:name="android.intent.action.MAIN" />
46-->src\main\AndroidManifest.xml:35:17-69
46-->src\main\AndroidManifest.xml:35:25-66
47
48                <category android:name="android.intent.category.LAUNCHER" />
48-->src\main\AndroidManifest.xml:36:17-77
48-->src\main\AndroidManifest.xml:36:27-74
49            </intent-filter>
50        </activity>
51
52        <provider
53            android:name="androidx.core.content.FileProvider"
53-->src\main\AndroidManifest.xml:41:13-62
54            android:authorities="com.example.smarthomegesturecontrol.provider"
54-->src\main\AndroidManifest.xml:40:13-60
55            android:exported="false"
55-->src\main\AndroidManifest.xml:42:13-37
56            android:grantUriPermissions="true" >
56-->src\main\AndroidManifest.xml:43:13-47
57            <meta-data
57-->src\main\AndroidManifest.xml:44:13-46:57
58                android:name="android.support.FILE_PROVIDER_PATHS"
58-->src\main\AndroidManifest.xml:45:17-67
59                android:resource="@xml/provider_paths" />
59-->src\main\AndroidManifest.xml:46:17-55
60        </provider>
61    </application>
62
63</manifest>